


          SolidWorks Corporation - STEP Processor Error Log
          ______________________________________________________

                       STEP Post Processor
                       ___________________


STEP File Name: C:\Users\ben\Documents\GitHub\Furuta-Pendulum\cad\pendulum_v2.STEP


Surfaces successfully processed into a solid body.
STEP-in completed.Surfaces successfully processed into a solid body.
STEP-in completed.Surfaces successfully processed into a solid body.
STEP-in completed.#22138: Ring edge, vertex snapped onto curve
Reversing curve, low: 1, high: 1
Bad Curve, low: -1, high: -1
Reversing curve, low: 1, high: 1
Bad Curve, low: -1, high: -1
Reversing curve, low: 0.00163995, high: 0.00163995
Bad Curve, low: -0.00163995, high: -0.00163995
Reversing curve, low: 0, high: 0
Bad Curve, low: -0, high: -0
Reversing curve, low: 0, high: 0
Bad Curve, low: -0, high: -0
Reversing curve, low: 1, high: 1
Bad Curve, low: -1, high: -1
Reversing curve, low: 1, high: 1
Bad Curve, low: -1, high: -1
Reversing curve, low: 0.00163995, high: 0.00163995
Bad Curve, low: -0.00163995, high: -0.00163995
#106467: Ring edge, vertex snapped onto curve
WARNING: Surface problem...Loops of curves have inconsistent directions.
Surfaces successfully processed into a solid body.
STEP-in completed.Surfaces successfully processed into a solid body.
STEP-in completed.Surfaces successfully processed into a solid body.
STEP-in completed.Surfaces successfully processed into a solid body.
STEP-in completed.Surfaces successfully processed into a solid body.
STEP-in completed.Surfaces successfully processed into a solid body.
STEP-in completed.Surfaces successfully processed into a solid body.
STEP-in completed.Surfaces successfully processed into a solid body.
STEP-in completed.Surfaces successfully processed into a solid body.
STEP-in completed.XLTR: Circuit sanity failure
WARNING: Surface problem...Loops of curves have inconsistent directions.
XLTR: Circuit sanity failure
WARNING: Surface problem...WARNING: Surface problem...Loops of curves have inconsistent directions.
WARNING: Surface problem...Loops of curves have inconsistent directions.
WARNING: Surface problem...Loops of curves have inconsistent directions.
Surfaces successfully processed into a solid body.
STEP-in completed.XLTR: Circuit sanity failure
WARNING: Surface problem...Loops of curves have inconsistent directions.
XLTR: Circuit sanity failure
WARNING: Surface problem...Loops of curves have inconsistent directions.
XLTR: Circuit sanity failure
WARNING: Surface problem...Loops of curves have inconsistent directions.
XLTR: Circuit sanity failure
WARNING: Surface problem...Loops of curves have inconsistent directions.
XLTR: Circuit sanity failure
WARNING: Surface problem...Loops of curves have inconsistent directions.
Surfaces successfully processed into a solid body.
STEP-in completed.Surfaces successfully processed into a solid body.
STEP-in completed.WARNING: Surface problem...Invalid combination of loops on surface.
WARNING: Surface problem...Invalid combination of loops on surface.
WARNING: Surface problem...Invalid combination of loops on surface.
WARNING: Surface problem...Invalid combination of loops on surface.
WARNING: Surface problem...Invalid combination of loops on surface.
WARNING: Surface problem...Invalid combination of loops on surface.
Surfaces successfully processed into a solid body.
STEP-in completed.WARNING: Surface problem...Invalid combination of loops on surface.
WARNING: Surface problem...Invalid combination of loops on surface.

Error: Failed to process trimmed surfaces.
STEP-in did not complete successfully.
Surfaces successfully processed into a solid body.
STEP-in completed.Surfaces successfully processed into a solid body.
STEP-in completed.Surfaces successfully processed into a solid body.
STEP-in completed.Surfaces successfully processed into a solid body.
STEP-in completed.Surfaces successfully processed into a solid body.
STEP-in completed.Surfaces successfully processed into a solid body.
STEP-in completed.Surfaces successfully processed into a solid body.
STEP-in completed.Surfaces successfully processed into a solid body.
STEP-in completed.Surfaces successfully processed into a solid body.
STEP-in completed.Surfaces successfully processed into a solid body.
STEP-in completed.Surfaces successfully processed into a solid body.
STEP-in completed.Surfaces successfully processed into a solid body.
STEP-in completed.Surfaces successfully processed into a solid body.
STEP-in completed.Surfaces successfully processed into a solid body.
STEP-in completed.Surfaces successfully processed into a solid body.
STEP-in completed.Surfaces successfully processed into a solid body.
STEP-in completed.Surfaces successfully processed into a solid body.
STEP-in completed.Surfaces successfully processed into a solid body.
STEP-in completed.Surfaces successfully processed into a solid body.
STEP-in completed.Surfaces successfully processed into a solid body.
STEP-in completed.Surfaces successfully processed into a solid body.
STEP-in completed.Surfaces successfully processed into a solid body.
STEP-in completed.Surfaces successfully processed into a solid body.
STEP-in completed.Surfaces successfully processed into a solid body.
STEP-in completed.Surfaces successfully processed into a solid body.
STEP-in completed.Surfaces successfully processed into a solid body.
STEP-in completed.Surfaces successfully processed into a solid body.
STEP-in completed.Surfaces successfully processed into a solid body.
STEP-in completed.Surfaces successfully processed into a solid body.
STEP-in completed.Surfaces successfully processed into a solid body.
STEP-in completed.Surfaces successfully processed into a solid body.
STEP-in completed.Surfaces successfully processed into a solid body.
STEP-in completed.Surfaces successfully processed into a solid body.
STEP-in completed.Surfaces successfully processed into a solid body.
STEP-in completed.Surfaces successfully processed into a solid body.
STEP-in completed.Surfaces successfully processed into a solid body.
STEP-in completed.Surfaces successfully processed into a solid body.
STEP-in completed.Surfaces successfully processed into a solid body.
STEP-in completed.Surfaces successfully processed into a solid body.
STEP-in completed.Surfaces successfully processed into a solid body.
STEP-in completed.Surfaces successfully processed into a solid body.
STEP-in completed.Surfaces successfully processed into a solid body.
STEP-in completed.Surfaces successfully processed into a solid body.
STEP-in completed.Surfaces successfully processed into a solid body.
STEP-in completed.Surfaces successfully processed into a solid body.
STEP-in completed.Surfaces successfully processed into a solid body.
STEP-in completed.Surfaces successfully processed into a solid body.
STEP-in completed.Surfaces successfully processed into a solid body.
STEP-in completed.Surfaces successfully processed into a solid body.
STEP-in completed.Surfaces successfully processed into a solid body.
STEP-in completed.Surfaces successfully processed into a solid body.
STEP-in completed.Surfaces successfully processed into a solid body.
STEP-in completed.Surfaces successfully processed into a solid body.
STEP-in completed.Surfaces successfully processed into a solid body.
STEP-in completed.Surfaces successfully processed into a solid body.
STEP-in completed.Surfaces successfully processed into a solid body.
STEP-in completed.Surfaces successfully processed into a solid body.
STEP-in completed.Surfaces successfully processed into a solid body.
STEP-in completed.Surfaces successfully processed into a solid body.
STEP-in completed.Surfaces successfully processed into a solid body.
STEP-in completed.Surfaces successfully processed into a solid body.
STEP-in completed.Surfaces successfully processed into a solid body.
STEP-in completed.